d:\school_projects\semester_5\scotts_stuff\graphicsframework1.2 with trackball\componentframework\debug\vc141.pdb
d:\school_projects\semester_5\scotts_stuff\graphicsframework1.2 with trackball\componentframework\debug\vc141.idb
d:\school_projects\semester_5\scotts_stuff\graphicsframework1.2 with trackball\componentframework\debug\trackball.obj
d:\school_projects\semester_5\scotts_stuff\graphicsframework1.2 with trackball\componentframework\debug\timer.obj
d:\school_projects\semester_5\scotts_stuff\graphicsframework1.2 with trackball\componentframework\debug\skybox.obj
d:\school_projects\semester_5\scotts_stuff\graphicsframework1.2 with trackball\componentframework\debug\skull.obj
d:\school_projects\semester_5\scotts_stuff\graphicsframework1.2 with trackball\componentframework\debug\shader.obj
d:\school_projects\semester_5\scotts_stuff\graphicsframework1.2 with trackball\componentframework\debug\sceneenvironment.obj
d:\school_projects\semester_5\scotts_stuff\graphicsframework1.2 with trackball\componentframework\debug\scene1.obj
d:\school_projects\semester_5\scotts_stuff\graphicsframework1.2 with trackball\componentframework\debug\scene.obj
d:\school_projects\semester_5\scotts_stuff\graphicsframework1.2 with trackball\componentframework\debug\objloader.obj
d:\school_projects\semester_5\scotts_stuff\graphicsframework1.2 with trackball\componentframework\debug\model.obj
d:\school_projects\semester_5\scotts_stuff\graphicsframework1.2 with trackball\componentframework\debug\mmath.obj
d:\school_projects\semester_5\scotts_stuff\graphicsframework1.2 with trackball\componentframework\debug\main.obj
d:\school_projects\semester_5\scotts_stuff\graphicsframework1.2 with trackball\componentframework\debug\mesh.obj
d:\school_projects\semester_5\scotts_stuff\graphicsframework1.2 with trackball\componentframework\debug\grass.obj
d:\school_projects\semester_5\scotts_stuff\graphicsframework1.2 with trackball\componentframework\debug\glassball.obj
d:\school_projects\semester_5\scotts_stuff\graphicsframework1.2 with trackball\componentframework\debug\gamescenemanager.obj
d:\school_projects\semester_5\scotts_stuff\graphicsframework1.2 with trackball\componentframework\debug\fireball.obj
d:\school_projects\semester_5\scotts_stuff\graphicsframework1.2 with trackball\componentframework\debug\debug.obj
d:\school_projects\semester_5\scotts_stuff\graphicsframework1.2 with trackball\componentframework\debug\cartoonball.obj
d:\school_projects\semester_5\scotts_stuff\graphicsframework1.2 with trackball\componentframework\debug\camera.obj
d:\school_projects\semester_5\scotts_stuff\graphicsframework1.2 with trackball\componentframework\debug\window.obj
d:\school_projects\semester_5\scotts_stuff\graphicsframework1.2 with trackball\componentframework\debug\waterball.obj
d:\school_projects\semester_5\scotts_stuff\graphicsframework1.2 with trackball\componentframework\debug\vmath.obj
e:\personal_projects\unity\basic-glsl-shaders\graphicsframework1.2 with trackball\componentframework\debug\vc141.pdb
e:\personal_projects\unity\basic-glsl-shaders\graphicsframework1.2 with trackball\componentframework\debug\vc141.idb
e:\personal_projects\unity\basic-glsl-shaders\graphicsframework1.2 with trackball\componentframework\debug\sceneenvironment.obj
e:\personal_projects\unity\basic-glsl-shaders\graphicsframework1.2 with trackball\componentframework\debug\objloader.obj
e:\personal_projects\unity\basic-glsl-shaders\graphicsframework1.2 with trackball\componentframework\debug\mmath.obj
e:\personal_projects\unity\basic-glsl-shaders\graphicsframework1.2 with trackball\componentframework\debug\debug.obj
e:\personal_projects\unity\basic-glsl-shaders\graphicsframework1.2 with trackball\componentframework\debug\vmath.obj
d:\school_projects\semester_5\scotts_stuff\graphicsframework1.2 with trackball\debug\componentframework.exe
d:\school_projects\semester_5\scotts_stuff\graphicsframework1.2 with trackball\debug\componentframework.ilk
d:\school_projects\semester_5\scotts_stuff\graphicsframework1.2 with trackball\debug\componentframework.pdb
e:\personal_projects\unity\basic-glsl-shaders\graphicsframework1.2 with trackball\debug\componentframework.pdb
e:\personal_projects\unity\basic-glsl-shaders\graphicsframework1.2 with trackball\debug\componentframework.ilk
e:\personal_projects\unity\basic-glsl-shaders\graphicsframework1.2 with trackball\componentframework\debug\componen.f2dcb53b.tlog\cl.command.1.tlog
e:\personal_projects\unity\basic-glsl-shaders\graphicsframework1.2 with trackball\componentframework\debug\componen.f2dcb53b.tlog\cl.read.1.tlog
e:\personal_projects\unity\basic-glsl-shaders\graphicsframework1.2 with trackball\componentframework\debug\componen.f2dcb53b.tlog\cl.write.1.tlog
e:\personal_projects\unity\basic-glsl-shaders\graphicsframework1.2 with trackball\componentframework\debug\componen.f2dcb53b.tlog\link.command.1.tlog
e:\personal_projects\unity\basic-glsl-shaders\graphicsframework1.2 with trackball\componentframework\debug\componen.f2dcb53b.tlog\link.read.1.tlog
e:\personal_projects\unity\basic-glsl-shaders\graphicsframework1.2 with trackball\componentframework\debug\componen.f2dcb53b.tlog\link.write.1.tlog
